2026-02-27 22:34:18:3418 [33mwarn[39m: [33m⚠ Twilio Account SID is missing or invalid. SMS features will be simulated.[39m
2026-02-27 22:34:18:3418 [32minfo[39m: [32m✅ Environment validation completed.[39m
2026-02-27 22:34:23:3423 [32minfo[39m: [32m✅ Database synced.[39m
2026-02-27 22:34:23:3423 [32minfo[39m: [32m✅ Rule Engine initialized.[39m
2026-02-27 22:34:45:3445 [33mwarn[39m: [33m⚠ Twilio Account SID is missing or invalid. SMS features will be simulated.[39m
2026-02-27 22:34:45:3445 [32minfo[39m: [32m✅ Environment validation completed.[39m
2026-02-27 22:34:50:3450 [32minfo[39m: [32m✅ Database synced.[39m
2026-02-27 22:35:14:3514 [33mwarn[39m: [33m⚠ Twilio Account SID is missing or invalid. SMS features will be simulated.[39m
2026-02-27 22:35:14:3514 [32minfo[39m: [32m✅ Environment validation completed.[39m
2026-02-27 22:35:14:3514 [33mwarn[39m: [33m⚠ Twilio Account SID is missing or invalid. SMS features will be simulated.[39m
2026-02-27 22:35:14:3514 [32minfo[39m: [32m✅ Environment validation completed.[39m
2026-02-27 22:35:15:3515 [33mwarn[39m: [33m⚠ Twilio Account SID is missing or invalid. SMS features will be simulated.[39m
2026-02-27 22:35:15:3515 [32minfo[39m: [32m✅ Environment validation completed.[39m
2026-02-27 22:35:15:3515 [33mwarn[39m: [33m⚠ Twilio Account SID is missing or invalid. SMS features will be simulated.[39m
2026-02-27 22:35:15:3515 [32minfo[39m: [32m✅ Environment validation completed.[39m
2026-02-27 22:35:19:3519 [32minfo[39m: [32m✅ Database synced.[39m
2026-02-27 22:35:20:3520 [32minfo[39m: [32m✅ Database synced.[39m
2026-02-27 22:37:33:3733 [35mhttp[39m: [35mGET /api/wallet 401 53 - 27.621 ms[39m
2026-02-27 22:37:53:3753 [33mwarn[39m: [33m⚠ Twilio Account SID is missing or invalid. SMS features will be simulated.[39m
2026-02-27 22:37:53:3753 [32minfo[39m: [32m✅ Environment validation completed.[39m
2026-02-27 22:37:53:3753 [33mwarn[39m: [33m⚠ Twilio Account SID is missing or invalid. SMS features will be simulated.[39m
2026-02-27 22:37:53:3753 [32minfo[39m: [32m✅ Environment validation completed.[39m
2026-02-27 22:37:55:3755 [33mwarn[39m: [33m⚠ Twilio Account SID is missing or invalid. SMS features will be simulated.[39m
2026-02-27 22:37:55:3755 [32minfo[39m: [32m✅ Environment validation completed.[39m
2026-02-27 22:37:57:3757 [33mwarn[39m: [33m⚠ Twilio Account SID is missing or invalid. SMS features will be simulated.[39m
2026-02-27 22:37:57:3757 [32minfo[39m: [32m✅ Environment validation completed.[39m
2026-02-27 22:37:59:3759 [33mwarn[39m: [33m⚠ Twilio Account SID is missing or invalid. SMS features will be simulated.[39m
2026-02-27 22:37:59:3759 [32minfo[39m: [32m✅ Environment validation completed.[39m
2026-02-27 22:37:59:3759 [32minfo[39m: [32m✅ Database synced.[39m
2026-02-27 22:38:01:381 [32minfo[39m: [32m✅ Database synced.[39m
2026-02-27 22:38:03:383 [32minfo[39m: [32m✅ Database synced.[39m
2026-02-27 22:38:03:383 [32minfo[39m: [32m✅ Database synced.[39m
2026-02-27 22:38:26:3826 [35mhttp[39m: [35mGET /api/wallet 401 53 - 1.624 ms[39m
2026-02-27 22:38:43:3843 [35mhttp[39m: [35mPOST /api/auth/login 200 576 - 550.628 ms[39m
2026-02-27 22:38:43:3843 [35mhttp[39m: [35mGET /api/farmer/dashboard 304 - - 133.318 ms[39m
2026-02-27 22:38:53:3853 [35mhttp[39m: [35mGET /api/farmer/farms 304 - - 23.103 ms[39m
2026-02-27 22:39:42:3942 [35mhttp[39m: [35mGET /api/farmer/farms 304 - - 149.383 ms[39m
2026-02-27 22:39:42:3942 [35mhttp[39m: [35mGET /api/wallet 200 18 - 157.730 ms[39m
2026-02-27 22:39:45:3945 [35mhttp[39m: [35mGET /api/water 401 53 - 0.328 ms[39m
2026-02-27 22:41:36:4136 [35mhttp[39m: [35mPOST /api/farmer/farms 201 593 - 409.201 ms[39m
2026-02-27 22:41:36:4136 [35mhttp[39m: [35mGET /api/farmer/farms 200 655 - 42.139 ms[39m
2026-02-27 22:41:51:4151 [35mhttp[39m: [35mGET /api/farmer/farms/0b386bbf-cdb4-40a2-95a2-7d8bfbc79c16/ndvi 200 216 - 191.155 ms[39m
2026-02-27 22:41:51:4151 [35mhttp[39m: [35mGET /api/farmer/farms 304 - - 198.941 ms[39m
2026-02-27 22:42:05:425 [35mhttp[39m: [35mGET /api/farmer/farms 304 - - 215.194 ms[39m
2026-02-27 22:42:05:425 [35mhttp[39m: [35mGET /api/farmer/farms/0b386bbf-cdb4-40a2-95a2-7d8bfbc79c16/iot 200 26 - 273.182 ms[39m
2026-02-27 22:42:08:428 [35mhttp[39m: [35mGET /api/farmer/drone-projects 200 30 - 23.712 ms[39m
2026-02-27 22:42:10:4210 [35mhttp[39m: [35mGET /api/farmer/farms 304 - - 15.924 ms[39m
2026-02-27 22:42:10:4210 [35mhttp[39m: [35mGET /api/farmer/farms/0b386bbf-cdb4-40a2-95a2-7d8bfbc79c16/iot 304 - - 93.797 ms[39m
2026-02-27 22:42:14:4214 [35mhttp[39m: [35mGET /api/farmer/drone-projects 304 - - 13.841 ms[39m
2026-02-27 22:42:15:4215 [35mhttp[39m: [35mGET /api/farmer/bookings 200 30 - 9.485 ms[39m
2026-02-27 22:42:18:4218 [35mhttp[39m: [35mGET /api/farmer/farms 304 - - 9.860 ms[39m
2026-02-27 22:42:40:4240 [35mhttp[39m: [35mPOST /api/farmer/bookings 400 57 - 240.489 ms[39m
2026-02-27 22:42:46:4246 [35mhttp[39m: [35mGET /api/farmer/dashboard 200 125 - 104.882 ms[39m
2026-02-27 22:43:17:4317 [33mwarn[39m: [33m⚠ Twilio Account SID is missing or invalid. SMS features will be simulated.[39m
2026-02-27 22:43:17:4317 [32minfo[39m: [32m✅ Environment validation completed.[39m
2026-02-27 22:43:20:4320 [32minfo[39m: [32m✅ Database synced.[39m
2026-02-27 22:43:20:4320 [32minfo[39m: [32m✅ Rule Engine initialized.[39m
2026-02-27 22:43:55:4355 [33mwarn[39m: [33m⚠ Twilio Account SID is missing or invalid. SMS features will be simulated.[39m
2026-02-27 22:43:55:4355 [32minfo[39m: [32m✅ Environment validation completed.[39m
2026-02-27 22:44:00:440 [32minfo[39m: [32m✅ Database synced.[39m
2026-02-27 22:44:00:440 [32minfo[39m: [32m✅ Rule Engine initialized.[39m
2026-02-27 22:44:00:440 [35mhttp[39m: [35mGET /api/wallet 304 - - 84.705 ms[39m
2026-02-27 22:44:00:440 [35mhttp[39m: [35mGET /api/farmer/dashboard 304 - - 56.984 ms[39m
2026-02-27 22:44:22:4422 [35mhttp[39m: [35mPOST /api/auth/login 200 583 - 715.157 ms[39m
2026-02-27 22:44:22:4422 [35mhttp[39m: [35mGET /api/admin/revenue 304 - - 40.751 ms[39m
2026-02-27 22:44:22:4422 [35mhttp[39m: [35mGET /api/admin/bookings 304 - - 62.169 ms[39m
2026-02-27 22:44:22:4422 [35mhttp[39m: [35mGET /api/admin/stats 200 130 - 255.736 ms[39m
2026-02-27 22:44:25:4425 [35mhttp[39m: [35mGET /api/admin/users?search=&role= 200 1684 - 11.723 ms[39m
2026-02-27 22:44:27:4427 [35mhttp[39m: [35mGET /api/admin/farms?status= 200 649 - 21.946 ms[39m
2026-02-27 22:45:30:4530 [35mhttp[39m: [35mGET /api/admin/farms?status= 304 - - 162.903 ms[39m
2026-02-27 22:45:30:4530 [35mhttp[39m: [35mGET /api/wallet 200 22 - 198.254 ms[39m
2026-02-27 22:45:32:4532 [35mhttp[39m: [35mGET /api/admin/farms?status= 304 - - 19.098 ms[39m
2026-02-27 22:45:45:4545 [35mhttp[39m: [35mGET /api/admin/farms?status= 304 - - 172.970 ms[39m
2026-02-27 22:46:21:4621 [35mhttp[39m: [35mGET /api/admin/farms?status= 304 - - 204.621 ms[39m
2026-02-27 22:46:21:4621 [35mhttp[39m: [35mGET /api/wallet 304 - - 213.680 ms[39m
2026-02-27 22:46:26:4626 [35mhttp[39m: [35mPATCH /api/admin/farms/0b386bbf-cdb4-40a2-95a2-7d8bfbc79c16/status 200 594 - 27.426 ms[39m
2026-02-27 22:46:26:4626 [35mhttp[39m: [35mGET /api/admin/farms?status= 200 650 - 11.978 ms[39m
2026-02-27 22:46:30:4630 [35mhttp[39m: [35mGET /api/iot 500 69 - 2.768 ms[39m
2026-02-27 22:46:31:4631 [35mhttp[39m: [35mGET /api/iot 500 69 - 1.040 ms[39m
2026-02-27 22:46:33:4633 [35mhttp[39m: [35mGET /api/iot 500 69 - 1.291 ms[39m
2026-02-27 22:46:36:4636 [35mhttp[39m: [35mGET /api/admin/users?role=pilot 200 355 - 9.587 ms[39m
2026-02-27 22:46:41:4641 [35mhttp[39m: [35mGET /api/admin/bookings?status= 200 26 - 14.047 ms[39m
2026-02-27 22:46:42:4642 [35mhttp[39m: [35mGET /api/admin/users?role=pilot 304 - - 11.116 ms[39m
2026-02-27 22:46:43:4643 [35mhttp[39m: [35mGET /api/admin/bookings?status= 304 - - 10.966 ms[39m
2026-02-27 22:46:46:4646 [35mhttp[39m: [35mGET /api/admin/users?role=pilot 304 - - 9.912 ms[39m
2026-02-27 22:46:52:4652 [35mhttp[39m: [35mGET /api/admin/bookings?status= 304 - - 11.018 ms[39m
2026-02-27 22:46:53:4653 [35mhttp[39m: [35mGET /api/admin/bookings 304 - - 11.503 ms[39m
2026-02-27 22:46:54:4654 [35mhttp[39m: [35mGET /api/admin/bookings?status= 304 - - 21.033 ms[39m
2026-02-27 22:46:58:4658 [35mhttp[39m: [35mGET /api/admin/bookings?status=confirmed 200 26 - 12.044 ms[39m
2026-02-27 22:47:00:470 [35mhttp[39m: [35mGET /api/admin/bookings?status=in-progress 200 26 - 13.566 ms[39m
2026-02-27 22:47:00:470 [35mhttp[39m: [35mGET /api/admin/bookings?status=completed 200 26 - 12.503 ms[39m
2026-02-27 22:47:01:471 [35mhttp[39m: [35mGET /api/admin/bookings?status=cancelled 200 26 - 13.117 ms[39m
2026-02-27 22:47:02:472 [35mhttp[39m: [35mGET /api/admin/bookings?status= 304 - - 13.192 ms[39m
2026-02-27 22:47:19:4719 [35mhttp[39m: [35mPOST /api/auth/login 200 576 - 363.889 ms[39m
2026-02-27 22:47:19:4719 [35mhttp[39m: [35mGET /api/farmer/dashboard 304 - - 113.838 ms[39m
2026-02-27 22:47:22:4722 [35mhttp[39m: [35mGET /api/farmer/farms 200 656 - 17.844 ms[39m
2026-02-27 22:47:27:4727 [35mhttp[39m: [35mGET /api/farmer/bookings 304 - - 8.448 ms[39m
2026-02-27 22:47:42:4742 [35mhttp[39m: [35mGET /api/farmer/farms 304 - - 225.202 ms[39m
2026-02-27 22:47:46:4746 [35mhttp[39m: [35mGET /api/farmer/farms 304 - - 10.768 ms[39m
2026-02-27 22:47:46:4746 [35mhttp[39m: [35mGET /api/farmer/farms/0b386bbf-cdb4-40a2-95a2-7d8bfbc79c16/ndvi 304 - - 10.925 ms[39m
2026-02-27 22:47:48:4748 [35mhttp[39m: [35mGET /api/farmer/farms 304 - - 13.479 ms[39m
2026-02-27 22:47:48:4748 [35mhttp[39m: [35mGET /api/farmer/farms/0b386bbf-cdb4-40a2-95a2-7d8bfbc79c16/iot 304 - - 95.735 ms[39m
2026-02-27 22:47:51:4751 [35mhttp[39m: [35mGET /api/farmer/dashboard 304 - - 298.545 ms[39m
2026-02-27 22:48:04:484 [35mhttp[39m: [35mGET /api/farmer/farms 304 - - 228.526 ms[39m
2026-02-27 22:48:07:487 [35mhttp[39m: [35mGET /api/farmer/bookings 304 - - 9.904 ms[39m
2026-02-27 22:48:08:488 [35mhttp[39m: [35mGET /api/farmer/farms 304 - - 10.299 ms[39m
2026-02-27 22:48:23:4823 [35mhttp[39m: [35mPOST /api/farmer/bookings 400 57 - 226.799 ms[39m
2026-02-27 22:48:26:4826 [35mhttp[39m: [35mGET /api/farmer/dashboard 304 - - 104.901 ms[39m
2026-02-27 22:48:40:4840 [35mhttp[39m: [35mGET /api/wallet 200 18 - 220.905 ms[39m
2026-02-27 22:48:40:4840 [35mhttp[39m: [35mGET /api/farmer/dashboard 304 - - 428.191 ms[39m
2026-02-27 22:49:25:4925 [33mwarn[39m: [33m⚠ Twilio Account SID is missing or invalid. SMS features will be simulated.[39m
2026-02-27 22:49:25:4925 [32minfo[39m: [32m✅ Environment validation completed.[39m
2026-02-27 22:49:28:4928 [32minfo[39m: [32m✅ Database synced.[39m
2026-02-27 22:49:28:4928 [32minfo[39m: [32m✅ Rule Engine initialized.[39m
2026-03-06 20:31:41:3141 [33mwarn[39m: [33m⚠ Twilio Account SID is missing or invalid. SMS features will be simulated.[39m
2026-03-06 20:31:41:3141 [32minfo[39m: [32m✅ Environment validation completed.[39m
2026-03-06 20:31:46:3146 [32minfo[39m: [32m✅ Database synced.[39m
2026-03-06 20:31:46:3146 [32minfo[39m: [32m✅ Rule Engine initialized.[39m
2026-03-06 20:31:53:3153 [35mhttp[39m: [35mGET /api/wallet 401 54 - 8.059 ms[39m
2026-03-06 20:31:54:3154 [35mhttp[39m: [35mGET /api/wallet 401 53 - 0.694 ms[39m
2026-03-06 20:31:55:3155 [35mhttp[39m: [35mGET /api/wallet 401 53 - 0.438 ms[39m
2026-03-06 20:34:12:3412 [35mhttp[39m: [35mGET /api/wallet 401 53 - 2.130 ms[39m
2026-03-06 20:34:13:3413 [35mhttp[39m: [35mGET /api/wallet 401 53 - 0.527 ms[39m
2026-03-06 20:34:25:3425 [35mhttp[39m: [35mGET /api/wallet 401 53 - 0.656 ms[39m
2026-03-06 20:34:27:3427 [35mhttp[39m: [35mGET /api/wallet 401 53 - 0.359 ms[39m
2026-03-06 20:34:27:3427 [35mhttp[39m: [35mGET /api/wallet 401 53 - 0.379 ms[39m
2026-03-06 20:34:28:3428 [35mhttp[39m: [35mGET /api/wallet 401 53 - 0.998 ms[39m
2026-03-06 20:34:30:3430 [35mhttp[39m: [35mGET /api/wallet 401 53 - 0.534 ms[39m
2026-03-06 20:34:34:3434 [35mhttp[39m: [35mGET /api/wallet 401 53 - 0.726 ms[39m
2026-03-06 20:34:34:3434 [35mhttp[39m: [35mGET /api/wallet 401 53 - 0.475 ms[39m
2026-03-06 20:34:35:3435 [35mhttp[39m: [35mGET /api/wallet 401 53 - 0.550 ms[39m
2026-03-06 20:34:38:3438 [35mhttp[39m: [35mGET /api/wallet 401 53 - 0.592 ms[39m
2026-03-06 20:34:40:3440 [35mhttp[39m: [35mGET /api/wallet 401 53 - 0.332 ms[39m
2026-03-06 20:34:40:3440 [35mhttp[39m: [35mGET /api/wallet 401 53 - 0.319 ms[39m
2026-03-06 20:34:41:3441 [35mhttp[39m: [35mGET /api/wallet 401 53 - 0.482 ms[39m
2026-03-06 20:34:43:3443 [35mhttp[39m: [35mGET /api/wallet 401 53 - 0.471 ms[39m
2026-03-06 20:34:47:3447 [35mhttp[39m: [35mGET /api/wallet 401 53 - 0.478 ms[39m
2026-03-06 20:35:12:3512 [35mhttp[39m: [35mPOST /api/auth/login 200 585 - 303.540 ms[39m
2026-03-06 20:35:13:3513 [35mhttp[39m: [35mGET /api/farmer/dashboard 200 129 - 82.931 ms[39m
2026-03-06 20:35:18:3518 [35mhttp[39m: [35mGET /api/farmer/farms 200 27 - 26.003 ms[39m
2026-03-06 20:35:19:3519 [35mhttp[39m: [35mGET /api/water 401 53 - 0.570 ms[39m
2026-03-06 20:36:05:365 [35mhttp[39m: [35mPOST /api/farmer/farms 201 596 - 314.093 ms[39m
2026-03-06 20:36:05:365 [35mhttp[39m: [35mGET /api/farmer/farms 200 659 - 14.114 ms[39m
2026-03-06 20:36:49:3649 [35mhttp[39m: [35mGET /api/farmer/farms 304 - - 157.531 ms[39m
2026-03-06 20:36:49:3649 [35mhttp[39m: [35mGET /api/wallet 200 22 - 172.012 ms[39m
2026-03-06 20:36:55:3655 [35mhttp[39m: [35mGET /api/water 401 53 - 0.315 ms[39m
2026-03-06 20:37:22:3722 [35mhttp[39m: [35mGET /api/farmer/drone-projects 200 30 - 182.317 ms[39m
2026-03-06 20:37:23:3723 [35mhttp[39m: [35mGET /api/farmer/dashboard 200 129 - 86.763 ms[39m
2026-03-06 20:37:32:3732 [35mhttp[39m: [35mGET /api/farmer/bookings 200 30 - 15.886 ms[39m
2026-03-06 20:37:34:3734 [35mhttp[39m: [35mGET /api/farmer/dashboard 304 - - 20.107 ms[39m
2026-03-06 20:37:36:3736 [35mhttp[39m: [35mGET /api/farmer/bookings 304 - - 11.630 ms[39m
2026-03-06 20:37:37:3737 [35mhttp[39m: [35mGET /api/farmer/farms 304 - - 17.037 ms[39m
2026-03-06 20:43:12:4312 [35mhttp[39m: [35mGET /api/wallet 304 - - 183.642 ms[39m
2026-03-06 20:43:15:4315 [35mhttp[39m: [35mGET /api/farmer/dashboard 304 - - 112.494 ms[39m
2026-03-06 20:43:18:4318 [35mhttp[39m: [35mGET /api/farmer/dashboard 304 - - 16.603 ms[39m
2026-03-06 20:44:00:440 [35mhttp[39m: [35mGET /api/wallet 401 53 - 0.705 ms[39m
2026-03-06 20:44:01:441 [35mhttp[39m: [35mGET /api/wallet 401 53 - 0.329 ms[39m
2026-03-06 20:44:02:442 [35mhttp[39m: [35mGET /api/wallet 401 53 - 0.446 ms[39m
2026-03-06 20:44:14:4414 [35mhttp[39m: [35mGET /api/wallet 401 53 - 0.548 ms[39m
2026-03-06 20:44:18:4418 [35mhttp[39m: [35mGET /api/wallet 401 53 - 0.416 ms[39m
2026-03-06 20:44:33:4433 [35mhttp[39m: [35mPOST /api/auth/login 200 582 - 226.463 ms[39m
2026-03-06 20:44:33:4433 [35mhttp[39m: [35mGET /api/pilot/dashboard 200 108 - 19.361 ms[39m
2026-03-06 20:46:26:4626 [35mhttp[39m: [35mGET /api/wallet 401 53 - 0.860 ms[39m
2026-03-06 20:46:28:4628 [35mhttp[39m: [35mGET /api/wallet 401 53 - 0.262 ms[39m
2026-03-06 20:46:30:4630 [35mhttp[39m: [35mGET /api/wallet 401 53 - 0.552 ms[39m
2026-03-06 20:46:34:4634 [35mhttp[39m: [35mGET /api/wallet 401 53 - 0.535 ms[39m
2026-03-06 20:52:26:5226 [35mhttp[39m: [35mGET /api/wallet 401 53 - 0.282 ms[39m
2026-03-06 20:52:27:5227 [35mhttp[39m: [35mGET /api/wallet 401 53 - 0.254 ms[39m
2026-03-06 20:52:28:5228 [35mhttp[39m: [35mGET /api/wallet 401 53 - 0.245 ms[39m
2026-03-06 20:52:30:5230 [35mhttp[39m: [35mGET /api/wallet 401 53 - 0.383 ms[39m
2026-03-06 20:52:38:5238 [35mhttp[39m: [35mGET /api/wallet 401 53 - 0.278 ms[39m
2026-03-06 20:52:39:5239 [35mhttp[39m: [35mGET /api/wallet 401 53 - 0.480 ms[39m
2026-03-06 20:52:40:5240 [35mhttp[39m: [35mGET /api/wallet 401 53 - 0.244 ms[39m
2026-03-06 20:52:42:5242 [35mhttp[39m: [35mGET /api/wallet 401 53 - 0.399 ms[39m
2026-03-06 20:52:46:5246 [35mhttp[39m: [35mGET /api/wallet 401 53 - 0.398 ms[39m
2026-03-06 20:55:19:5519 [35mhttp[39m: [35mGET /api/wallet 401 53 - 0.606 ms[39m
2026-03-06 20:55:20:5520 [35mhttp[39m: [35mGET /api/wallet 401 53 - 0.232 ms[39m
2026-03-06 20:55:22:5522 [35mhttp[39m: [35mGET /api/wallet 401 53 - 0.281 ms[39m
2026-03-06 20:55:23:5523 [35mhttp[39m: [35mGET /api/wallet 401 53 - 0.271 ms[39m
2026-03-06 20:55:24:5524 [35mhttp[39m: [35mGET /api/wallet 401 53 - 0.262 ms[39m
2026-03-06 20:55:26:5526 [35mhttp[39m: [35mGET /api/wallet 401 53 - 0.234 ms[39m
2026-03-06 20:55:27:5527 [35mhttp[39m: [35mGET /api/wallet 401 53 - 0.509 ms[39m
2026-03-06 20:55:28:5528 [35mhttp[39m: [35mGET /api/wallet 401 53 - 0.341 ms[39m
2026-03-06 20:55:30:5530 [35mhttp[39m: [35mGET /api/wallet 401 53 - 0.283 ms[39m
2026-03-06 20:55:30:5530 [35mhttp[39m: [35mGET /api/wallet 401 53 - 0.328 ms[39m
2026-03-06 20:55:31:5531 [35mhttp[39m: [35mGET /api/wallet 401 53 - 0.374 ms[39m
2026-03-06 20:55:33:5533 [35mhttp[39m: [35mGET /api/wallet 401 53 - 0.316 ms[39m
2026-03-06 20:55:33:5533 [35mhttp[39m: [35mGET /api/wallet 401 53 - 0.502 ms[39m
2026-03-06 20:55:34:5534 [35mhttp[39m: [35mGET /api/wallet 401 53 - 0.285 ms[39m
2026-03-06 20:55:36:5536 [35mhttp[39m: [35mGET /api/wallet 401 53 - 0.233 ms[39m
2026-03-06 20:55:40:5540 [35mhttp[39m: [35mGET /api/wallet 401 53 - 0.333 ms[39m
2026-03-06 20:57:54:5754 [35mhttp[39m: [35mPOST /api/auth/login 200 585 - 236.606 ms[39m
2026-03-06 20:57:54:5754 [35mhttp[39m: [35mGET /api/farmer/dashboard 304 - - 81.615 ms[39m
2026-03-06 20:58:03:583 [35mhttp[39m: [35mGET /api/farmer/farms 304 - - 21.095 ms[39m
2026-03-06 20:58:05:585 [35mhttp[39m: [35mGET /api/water 401 53 - 0.226 ms[39m
2026-03-06 20:59:07:597 [35mhttp[39m: [35mPOST /api/farmer/farms 201 601 - 145.352 ms[39m
2026-03-06 20:59:07:597 [35mhttp[39m: [35mGET /api/farmer/farms 200 1297 - 10.145 ms[39m
2026-03-06 20:59:13:5913 [35mhttp[39m: [35mGET /api/farmer/farms 304 - - 14.981 ms[39m
2026-03-06 20:59:13:5913 [35mhttp[39m: [35mGET /api/farmer/farms/d7deaff4-d9cd-4105-9439-dd50f3849139/ndvi 200 216 - 16.379 ms[39m
2026-03-06 20:59:19:5919 [35mhttp[39m: [35mGET /api/farmer/farms 304 - - 15.273 ms[39m
2026-03-06 20:59:19:5919 [35mhttp[39m: [35mGET /api/farmer/farms/d7deaff4-d9cd-4105-9439-dd50f3849139/iot 200 26 - 76.830 ms[39m
2026-03-06 20:59:21:5921 [35mhttp[39m: [35mGET /api/farmer/drone-projects 304 - - 22.083 ms[39m
2026-03-06 20:59:23:5923 [35mhttp[39m: [35mGET /api/farmer/bookings 304 - - 13.283 ms[39m
2026-03-06 20:59:24:5924 [35mhttp[39m: [35mGET /api/farmer/farms 304 - - 11.782 ms[39m
2026-03-06 21:00:40:040 [35mhttp[39m: [35mGET /api/wallet 304 - - 253.289 ms[39m
2026-03-06 21:01:39:139 [35mhttp[39m: [35mGET /api/wallet 304 - - 198.177 ms[39m
2026-03-06 21:04:45:445 [35mhttp[39m: [35mGET /api/wallet 304 - - 346.350 ms[39m
2026-03-06 21:06:51:651 [35mhttp[39m: [35mGET /api/wallet 304 - - 226.378 ms[39m
2026-03-06 21:07:30:730 [35mhttp[39m: [35mGET /api/farmer/dashboard 200 129 - 398.824 ms[39m
2026-03-06 21:14:54:1454 [35mhttp[39m: [35mGET /api/wallet 401 53 - 0.539 ms[39m
2026-03-06 21:15:19:1519 [35mhttp[39m: [35mGET /api/wallet 401 53 - 0.320 ms[39m
2026-03-06 21:18:04:184 [33mwarn[39m: [33m⚠ Twilio Account SID is missing or invalid. SMS features will be simulated.[39m
2026-03-06 21:18:04:184 [32minfo[39m: [32m✅ Environment validation completed.[39m
2026-03-06 21:18:07:187 [32minfo[39m: [32m✅ Database synced.[39m
2026-03-06 21:18:07:187 [32minfo[39m: [32m✅ Rule Engine initialized.[39m
2026-03-06 21:19:28:1928 [35mhttp[39m: [35mPOST /api/auth/login 200 585 - 431.964 ms[39m
2026-03-06 21:19:28:1928 [35mhttp[39m: [35mGET /api/farmer/dashboard 304 - - 96.011 ms[39m
2026-03-06 21:19:33:1933 [35mhttp[39m: [35mGET /api/farmer/farms 304 - - 48.788 ms[39m
2026-03-06 21:19:35:1935 [35mhttp[39m: [35mGET /api/water 401 53 - 0.790 ms[39m
2026-03-06 21:20:27:2027 [35mhttp[39m: [35mPOST /api/farmer/farms 201 597 - 188.098 ms[39m
2026-03-06 21:20:27:2027 [35mhttp[39m: [35mGET /api/farmer/farms 200 1931 - 14.426 ms[39m
2026-03-06 21:20:30:2030 [35mhttp[39m: [35mGET /api/farmer/farms 304 - - 16.270 ms[39m
2026-03-06 21:20:30:2030 [35mhttp[39m: [35mGET /api/farmer/farms/87b69a42-cec0-4274-9444-16122cd143ee/ndvi 200 216 - 18.395 ms[39m
2026-03-06 21:20:36:2036 [35mhttp[39m: [35mGET /api/farmer/farms 304 - - 14.835 ms[39m
2026-03-06 21:20:37:2037 [35mhttp[39m: [35mGET /api/farmer/farms/87b69a42-cec0-4274-9444-16122cd143ee/iot 200 26 - 97.199 ms[39m
2026-03-06 21:20:38:2038 [35mhttp[39m: [35mGET /api/farmer/drone-projects 304 - - 26.194 ms[39m
2026-03-06 21:20:40:2040 [35mhttp[39m: [35mGET /api/farmer/bookings 304 - - 17.926 ms[39m
2026-03-06 21:20:42:2042 [35mhttp[39m: [35mGET /api/farmer/farms 304 - - 9.419 ms[39m
2026-03-06 21:20:52:2052 [35mhttp[39m: [35mGET /api/farmer/bookings 304 - - 10.625 ms[39m
2026-03-06 21:25:15:2515 [33mwarn[39m: [33m⚠ Twilio Account SID is missing or invalid. SMS features will be simulated.[39m
2026-03-06 21:25:15:2515 [32minfo[39m: [32m✅ Environment validation completed.[39m
2026-03-06 21:25:18:2518 [32minfo[39m: [32m✅ Database synced.[39m
2026-03-06 21:25:18:2518 [32minfo[39m: [32m✅ Rule Engine initialized.[39m
2026-03-09 18:35:03:353 [33mwarn[39m: [33m⚠ Twilio Account SID is missing or invalid. SMS features will be simulated.[39m
2026-03-09 18:35:03:353 [32minfo[39m: [32m✅ Environment validation completed.[39m
2026-03-09 18:35:07:357 [32minfo[39m: [32m✅ Database synced.[39m
2026-03-09 18:35:07:357 [32minfo[39m: [32m✅ Rule Engine initialized.[39m
2026-03-09 18:55:48:5548 [33mwarn[39m: [33m⚠ Twilio Account SID is missing or invalid. SMS features will be simulated.[39m
2026-03-09 18:55:48:5548 [32minfo[39m: [32m✅ Environment validation completed.[39m
2026-03-09 18:55:51:5551 [32minfo[39m: [32m✅ Database synced.[39m
2026-03-09 18:55:51:5551 [32minfo[39m: [32m✅ Rule Engine initialized.[39m
2026-03-09 18:56:37:5637 [35mhttp[39m: [35mPOST /api/auth/login 200 585 - 342.377 ms[39m
2026-03-09 18:56:37:5637 [35mhttp[39m: [35mGET /api/farmer/dashboard 200 129 - 92.428 ms[39m
2026-03-09 18:56:43:5643 [35mhttp[39m: [35mGET /api/farmer/farms 304 - - 44.783 ms[39m
2026-03-09 18:56:44:5644 [35mhttp[39m: [35mGET /api/farmer/farms 304 - - 11.470 ms[39m
2026-03-09 18:56:44:5644 [35mhttp[39m: [35mGET /api/farmer/farms/87b69a42-cec0-4274-9444-16122cd143ee/ndvi 200 216 - 12.634 ms[39m
2026-03-09 18:57:11:5711 [35mhttp[39m: [35mPOST /api/auth/login 200 583 - 363.457 ms[39m
2026-03-09 18:57:12:5712 [35mhttp[39m: [35mGET /api/admin/bookings 304 - - 41.072 ms[39m
2026-03-09 18:57:12:5712 [35mhttp[39m: [35mGET /api/admin/revenue 304 - - 44.244 ms[39m
2026-03-09 18:57:12:5712 [35mhttp[39m: [35mGET /api/admin/stats 200 130 - 135.497 ms[39m
2026-03-09 18:59:54:5954 [35mhttp[39m: [35mPOST /api/auth/login 401 49 - 221.615 ms[39m
2026-03-09 19:00:04:04 [35mhttp[39m: [35mPOST /api/auth/login 200 585 - 101.956 ms[39m
2026-03-09 19:00:04:04 [35mhttp[39m: [35mGET /api/farmer/dashboard 304 - - 117.083 ms[39m
2026-03-09 19:08:32:832 [35mhttp[39m: [35mGET /api/wallet 304 - - 146.427 ms[39m
2026-03-09 19:08:34:834 [35mhttp[39m: [35mGET /api/farmer/dashboard 304 - - 166.605 ms[39m
2026-03-09 19:09:09:99 [35mhttp[39m: [35mGET /api/wallet 304 - - 149.860 ms[39m
2026-03-09 19:09:11:911 [35mhttp[39m: [35mGET /api/farmer/dashboard 304 - - 51.283 ms[39m
2026-03-09 19:12:02:122 [35mhttp[39m: [35mGET /api/wallet 304 - - 153.186 ms[39m
2026-03-09 19:12:02:122 [35mhttp[39m: [35mGET /api/farmer/dashboard 304 - - 193.883 ms[39m
2026-03-09 19:12:59:1259 [35mhttp[39m: [35mGET /api/wallet 304 - - 227.253 ms[39m
2026-03-09 19:13:00:130 [35mhttp[39m: [35mGET /api/farmer/dashboard 304 - - 91.836 ms[39m
2026-03-09 19:13:32:1332 [35mhttp[39m: [35mGET /api/wallet 304 - - 177.426 ms[39m
2026-03-09 19:13:34:1334 [35mhttp[39m: [35mGET /api/farmer/dashboard 304 - - 51.212 ms[39m
2026-03-09 19:15:27:1527 [33mwarn[39m: [33m⚠ Twilio Account SID is missing or invalid. SMS features will be simulated.[39m
2026-03-09 19:15:27:1527 [32minfo[39m: [32m✅ Environment validation completed.[39m
2026-03-09 19:15:30:1530 [32minfo[39m: [32m✅ Database synced.[39m
2026-03-09 19:15:30:1530 [32minfo[39m: [32m✅ Rule Engine initialized.[39m
2026-03-09 19:16:38:1638 [35mhttp[39m: [35mGET /api/wallet 304 - - 153.902 ms[39m
2026-03-09 19:16:38:1638 [35mhttp[39m: [35mGET /api/farmer/dashboard 304 - - 187.207 ms[39m
2026-03-09 19:19:34:1934 [33mwarn[39m: [33m⚠ Twilio Account SID is missing or invalid. SMS features will be simulated.[39m
2026-03-09 19:19:34:1934 [32minfo[39m: [32m✅ Environment validation completed.[39m
2026-03-09 19:19:36:1936 [32minfo[39m: [32m✅ Database synced.[39m
2026-03-09 19:22:15:2215 [33mwarn[39m: [33m⚠ Twilio Account SID is missing or invalid. SMS features will be simulated.[39m
2026-03-09 19:22:15:2215 [32minfo[39m: [32m✅ Environment validation completed.[39m
2026-03-09 19:22:17:2217 [32minfo[39m: [32m✅ Database synced.[39m
2026-03-09 19:22:17:2217 [32minfo[39m: [32m✅ Rule Engine initialized.[39m
2026-03-09 19:22:21:2221 [35mhttp[39m: [35mGET /api/wallet 304 - - 49.402 ms[39m
2026-03-09 19:22:21:2221 [35mhttp[39m: [35mGET /api/farmer/dashboard 304 - - 49.137 ms[39m
2026-03-09 19:22:24:2224 [35mhttp[39m: [35mGET /api/wallet 304 - - 7.567 ms[39m
2026-03-09 19:22:24:2224 [35mhttp[39m: [35mGET /api/farmer/dashboard 304 - - 23.293 ms[39m
2026-03-09 19:22:34:2234 [35mhttp[39m: [35mGET /api/farmer/dashboard 304 - - 24.166 ms[39m
2026-03-09 19:22:42:2242 [35mhttp[39m: [35mGET /api/farmer/dashboard 304 - - 33.839 ms[39m
2026-03-09 19:23:38:2338 [35mhttp[39m: [35mGET /api/wallet 401 53 - 1.699 ms[39m
2026-03-10 18:13:38:1338 [33mwarn[39m: [33m⚠ Twilio Account SID is missing or invalid. SMS features will be simulated.[39m
2026-03-10 18:13:38:1338 [32minfo[39m: [32m✅ Environment validation completed.[39m
2026-03-10 18:13:43:1343 [32minfo[39m: [32m✅ Database synced.[39m
2026-03-10 18:13:43:1343 [32minfo[39m: [32m✅ Rule Engine initialized.[39m
2026-03-10 18:41:20:4120 [35mhttp[39m: [35mPOST /api/auth/login 200 585 - 729.799 ms[39m
2026-03-10 18:41:20:4120 [35mhttp[39m: [35mGET /api/farmer/dashboard 304 - - 155.709 ms[39m
2026-03-10 20:36:42:3642 [35mhttp[39m: [35mGET /api/farmer/dashboard 304 - - 546.293 ms[39m
2026-03-10 20:36:50:3650 [35mhttp[39m: [35mGET /api/farmer/farms 304 - - 1111.663 ms[39m
2026-03-10 20:37:34:3734 [33mwarn[39m: [33m⚠ Twilio Account SID is missing or invalid. SMS features will be simulated.[39m
2026-03-10 20:37:34:3734 [32minfo[39m: [32m✅ Environment validation completed.[39m
2026-03-10 20:37:37:3737 [32minfo[39m: [32m✅ Database synced.[39m
2026-03-10 20:37:37:3737 [32minfo[39m: [32m✅ Rule Engine initialized.[39m
2026-03-10 20:38:28:3828 [33mwarn[39m: [33m⚠ Twilio Account SID is missing or invalid. SMS features will be simulated.[39m
2026-03-10 20:38:28:3828 [32minfo[39m: [32m✅ Environment validation completed.[39m
2026-03-10 20:38:31:3831 [32minfo[39m: [32m✅ Database synced.[39m
2026-03-10 20:38:31:3831 [32minfo[39m: [32m✅ Rule Engine initialized.[39m
2026-03-10 20:51:45:5145 [33mwarn[39m: [33m⚠ Twilio Account SID is missing or invalid. SMS features will be simulated.[39m
2026-03-10 20:51:45:5145 [32minfo[39m: [32m✅ Environment validation completed.[39m
2026-03-10 20:51:48:5148 [32minfo[39m: [32m✅ Database synced.[39m
2026-03-10 20:51:48:5148 [32minfo[39m: [32m✅ Rule Engine initialized.[39m
2026-03-10 20:58:27:5827 [35mhttp[39m: [35mGET /api/wallet 304 - - 493.026 ms[39m
2026-03-10 21:33:47:3347 [33mwarn[39m: [33m⚠ Twilio Account SID is missing or invalid. SMS features will be simulated.[39m
2026-03-10 21:33:47:3347 [32minfo[39m: [32m✅ Environment validation completed.[39m
2026-03-10 21:33:52:3352 [32minfo[39m: [32m✅ Database synced.[39m
2026-03-10 21:33:52:3352 [32minfo[39m: [32m✅ Rule Engine initialized.[39m
2026-03-10 21:34:16:3416 [33mwarn[39m: [33m⚠ Twilio Account SID is missing or invalid. SMS features will be simulated.[39m
2026-03-10 21:34:16:3416 [32minfo[39m: [32m✅ Environment validation completed.[39m
2026-03-10 21:34:20:3420 [32minfo[39m: [32m✅ Database synced.[39m
2026-03-10 21:34:20:3420 [32minfo[39m: [32m✅ Rule Engine initialized.[39m
2026-03-10 21:34:34:3434 [33mwarn[39m: [33m⚠ Twilio Account SID is missing or invalid. SMS features will be simulated.[39m
2026-03-10 21:34:34:3434 [32minfo[39m: [32m✅ Environment validation completed.[39m
2026-03-10 21:34:38:3438 [32minfo[39m: [32m✅ Database synced.[39m
2026-03-10 21:34:38:3438 [32minfo[39m: [32m✅ Rule Engine initialized.[39m
2026-03-10 21:34:48:3448 [33mwarn[39m: [33m⚠ Twilio Account SID is missing or invalid. SMS features will be simulated.[39m
2026-03-10 21:34:48:3448 [32minfo[39m: [32m✅ Environment validation completed.[39m
2026-03-10 21:34:57:3457 [33mwarn[39m: [33m⚠ Twilio Account SID is missing or invalid. SMS features will be simulated.[39m
2026-03-10 21:34:57:3457 [32minfo[39m: [32m✅ Environment validation completed.[39m
2026-03-10 21:35:07:357 [33mwarn[39m: [33m⚠ Twilio Account SID is missing or invalid. SMS features will be simulated.[39m
2026-03-10 21:35:07:357 [32minfo[39m: [32m✅ Environment validation completed.[39m
2026-03-10 21:35:21:3521 [33mwarn[39m: [33m⚠ Twilio Account SID is missing or invalid. SMS features will be simulated.[39m
2026-03-10 21:35:21:3521 [32minfo[39m: [32m✅ Environment validation completed.[39m
2026-03-10 21:35:25:3525 [32minfo[39m: [32m✅ Database synced.[39m
2026-03-10 21:35:25:3525 [32minfo[39m: [32m✅ Rule Engine initialized.[39m
2026-03-10 21:35:43:3543 [33mwarn[39m: [33m⚠ Twilio Account SID is missing or invalid. SMS features will be simulated.[39m
2026-03-10 21:35:43:3543 [32minfo[39m: [32m✅ Environment validation completed.[39m
2026-03-10 21:35:46:3546 [32minfo[39m: [32m✅ Database synced.[39m
2026-03-10 21:35:46:3546 [32minfo[39m: [32m✅ Rule Engine initialized.[39m
2026-03-10 21:36:03:363 [33mwarn[39m: [33m⚠ Twilio Account SID is missing or invalid. SMS features will be simulated.[39m
2026-03-10 21:36:03:363 [32minfo[39m: [32m✅ Environment validation completed.[39m
2026-03-10 21:36:12:3612 [33mwarn[39m: [33m⚠ Twilio Account SID is missing or invalid. SMS features will be simulated.[39m
2026-03-10 21:36:12:3612 [32minfo[39m: [32m✅ Environment validation completed.[39m
2026-03-10 21:36:15:3615 [32minfo[39m: [32m✅ Database synced.[39m
2026-03-10 21:36:15:3615 [32minfo[39m: [32m✅ Rule Engine initialized.[39m
2026-03-10 21:36:29:3629 [33mwarn[39m: [33m⚠ Twilio Account SID is missing or invalid. SMS features will be simulated.[39m
2026-03-10 21:36:29:3629 [32minfo[39m: [32m✅ Environment validation completed.[39m
2026-03-10 21:36:32:3632 [32minfo[39m: [32m✅ Database synced.[39m
2026-03-10 21:36:32:3632 [32minfo[39m: [32m✅ Rule Engine initialized.[39m
2026-03-10 21:37:08:378 [33mwarn[39m: [33m⚠ Twilio Account SID is missing or invalid. SMS features will be simulated.[39m
2026-03-10 21:37:08:378 [32minfo[39m: [32m✅ Environment validation completed.[39m
2026-03-10 21:37:17:3717 [33mwarn[39m: [33m⚠ Twilio Account SID is missing or invalid. SMS features will be simulated.[39m
2026-03-10 21:37:17:3717 [32minfo[39m: [32m✅ Environment validation completed.[39m
2026-03-10 21:37:20:3720 [32minfo[39m: [32m✅ Database synced.[39m
2026-03-10 21:37:20:3720 [32minfo[39m: [32m✅ Rule Engine initialized.[39m
2026-03-10 21:37:36:3736 [33mwarn[39m: [33m⚠ Twilio Account SID is missing or invalid. SMS features will be simulated.[39m
2026-03-10 21:37:36:3736 [32minfo[39m: [32m✅ Environment validation completed.[39m
2026-03-10 21:37:39:3739 [32minfo[39m: [32m✅ Database synced.[39m
2026-03-10 21:37:39:3739 [32minfo[39m: [32m✅ Rule Engine initialized.[39m
2026-03-10 21:37:54:3754 [33mwarn[39m: [33m⚠ Twilio Account SID is missing or invalid. SMS features will be simulated.[39m
2026-03-10 21:37:54:3754 [32minfo[39m: [32m✅ Environment validation completed.[39m
2026-03-10 21:37:57:3757 [32minfo[39m: [32m✅ Database synced.[39m
2026-03-10 21:37:57:3757 [32minfo[39m: [32m✅ Rule Engine initialized.[39m
2026-03-10 21:38:18:3818 [33mwarn[39m: [33m⚠ Twilio Account SID is missing or invalid. SMS features will be simulated.[39m
2026-03-10 21:38:18:3818 [32minfo[39m: [32m✅ Environment validation completed.[39m
2026-03-10 21:38:33:3833 [33mwarn[39m: [33m⚠ Twilio Account SID is missing or invalid. SMS features will be simulated.[39m
2026-03-10 21:38:33:3833 [32minfo[39m: [32m✅ Environment validation completed.[39m
2026-03-10 21:38:37:3837 [32minfo[39m: [32m✅ Database synced.[39m
2026-03-10 21:38:37:3837 [32minfo[39m: [32m✅ Rule Engine initialized.[39m
2026-03-10 21:38:46:3846 [33mwarn[39m: [33m⚠ Twilio Account SID is missing or invalid. SMS features will be simulated.[39m
2026-03-10 21:38:46:3846 [32minfo[39m: [32m✅ Environment validation completed.[39m
2026-03-10 21:38:49:3849 [32minfo[39m: [32m✅ Database synced.[39m
2026-03-10 21:38:49:3849 [32minfo[39m: [32m✅ Rule Engine initialized.[39m
2026-03-10 21:39:25:3925 [33mwarn[39m: [33m⚠ Twilio Account SID is missing or invalid. SMS features will be simulated.[39m
2026-03-10 21:39:25:3925 [32minfo[39m: [32m✅ Environment validation completed.[39m
2026-03-10 21:39:29:3929 [32minfo[39m: [32m✅ Database synced.[39m
2026-03-10 21:39:29:3929 [32minfo[39m: [32mCreating database indexes...[39m
2026-03-10 21:39:29:3929 [31merror[39m: [31m❌ Error creating indexes: column "deleted_at" does not exist[39m
2026-03-10 21:39:29:3929 [32minfo[39m: [32m✅ Rule Engine initialized.[39m
2026-03-10 21:40:59:4059 [33mwarn[39m: [33m⚠️ AWS variables not configured: AWS_BUCKET. File uploads will be simulated.[39m
2026-03-10 21:40:59:4059 [33mwarn[39m: [33m⚠️ Payment variables not configured: RAZORPAY_KEY, RAZORPAY_SECRET. Payment features will be unavailable.[39m
2026-03-10 21:40:59:4059 [33mwarn[39m: [33m⚠️ JWT_SECRET is less than 32 characters. This is not recommended for production.[39m
2026-03-10 21:40:59:4059 [33mwarn[39m: [33m⚠️ DB_HOST does not look like a valid hostname.[39m
2026-03-10 21:40:59:4059 [32minfo[39m: [32m✅ All critical environment variables configured[39m
2026-03-10 21:40:59:4059 [32minfo[39m: [32m⚠️ 4 optional service(s) not configured (see warnings above)[39m
2026-03-10 21:40:59:4059 [32minfo[39m: [32m📋 Environment: development[39m
2026-03-10 21:40:59:4059 [32minfo[39m: [32m📋 Server Port: 5000[39m
2026-03-10 21:41:02:412 [32minfo[39m: [32m✅ Database synced.[39m
2026-03-10 21:41:02:412 [32minfo[39m: [32mCreating database indexes...[39m
2026-03-10 21:41:02:412 [31merror[39m: [31m❌ Error creating indexes: column "deleted_at" does not exist[39m
2026-03-10 21:41:02:412 [32minfo[39m: [32m✅ Rule Engine initialized.[39m
2026-03-10 22:00:44:044 [35mhttp[39m: [35mGET /api/wallet 304 - - 304.127 ms[39m
2026-03-10 22:01:17:117 [35mhttp[39m: [35mGET /api/wallet 304 - - 129.944 ms[39m
2026-03-10 22:01:19:119 [35mhttp[39m: [35mGET /api/farmer/dashboard 304 - - 100.945 ms[39m
2026-03-10 22:01:28:128 [35mhttp[39m: [35mGET /api/wallet 304 - - 10.391 ms[39m
2026-03-10 22:01:29:129 [35mhttp[39m: [35mGET /api/wallet 304 - - 8.565 ms[39m
2026-03-10 22:02:57:257 [35mhttp[39m: [35mGET /api/wallet 304 - - 149.982 ms[39m
2026-03-10 22:06:04:64 [35mhttp[39m: [35mGET /api/wallet 304 - - 144.855 ms[39m
2026-03-10 22:06:35:635 [35mhttp[39m: [35mGET /api/wallet 304 - - 254.611 ms[39m
2026-03-10 22:07:16:716 [35mhttp[39m: [35mGET /api/wallet 304 - - 124.296 ms[39m
